[INFO  - 2017-02-11T21:27:53.821Z] GhostDriver - Main - running on port 38430
[INFO  - 2017-02-11T21:27:54.873Z] Session [f34b22c0-f0a0-11e6-9452-770767b8d266] - page.settings - {"XSSAuditingEnabled":false,"javascriptCanCloseWindows":true,"javascriptCanOpenWindows":true,"javascriptEnabled":true,"loadImages":true,"localToRemoteUrlAccessEnabled":false,"userAgent":"Mozilla/5.0 (Windows NT 6.2; WOW64) AppleWebKit/538.1 (KHTML, like Gecko) PhantomJS/2.1.1 Safari/538.1","webSecurityEnabled":true}
[INFO  - 2017-02-11T21:27:54.874Z] Session [f34b22c0-f0a0-11e6-9452-770767b8d266] - page.customHeaders:  - {}
[INFO  - 2017-02-11T21:27:54.877Z] Session [f34b22c0-f0a0-11e6-9452-770767b8d266] - Session.negotiatedCapabilities - {"browserName":"phantomjs","version":"2.1.1","driverName":"ghostdriver","driverVersion":"1.2.0","platform":"windows-10-32bit","javascriptEnabled":true,"takesScreenshot":true,"handlesAlerts":false,"databaseEnabled":false,"locationContextEnabled":false,"applicationCacheEnabled":false,"browserConnectionEnabled":false,"cssSelectorsEnabled":true,"webStorageEnabled":false,"rotatable":false,"acceptSslCerts":false,"nativeEvents":true,"proxy":{"proxyType":"direct"}}
[INFO  - 2017-02-11T21:27:54.878Z] SessionManagerReqHand - _postNewSessionCommand - New Session Created: f34b22c0-f0a0-11e6-9452-770767b8d266
[INFO  - 2017-02-11T21:28:12.493Z] ShutdownReqHand - _handle - About to shutdown
[INFO  - 2017-02-11T21:29:07.203Z] GhostDriver - Main - running on port 7059
[INFO  - 2017-02-11T21:29:07.575Z] Session [1ea04680-f0a1-11e6-b27f-6dc127d91ed8] - page.settings - {"XSSAuditingEnabled":false,"javascriptCanCloseWindows":true,"javascriptCanOpenWindows":true,"javascriptEnabled":true,"loadImages":true,"localToRemoteUrlAccessEnabled":false,"userAgent":"Mozilla/5.0 (Windows NT 6.2; WOW64) AppleWebKit/538.1 (KHTML, like Gecko) PhantomJS/2.1.1 Safari/538.1","webSecurityEnabled":true}
[INFO  - 2017-02-11T21:29:07.575Z] Session [1ea04680-f0a1-11e6-b27f-6dc127d91ed8] - page.customHeaders:  - {}
[INFO  - 2017-02-11T21:29:07.575Z] Session [1ea04680-f0a1-11e6-b27f-6dc127d91ed8] - Session.negotiatedCapabilities - {"browserName":"phantomjs","version":"2.1.1","driverName":"ghostdriver","driverVersion":"1.2.0","platform":"windows-10-32bit","javascriptEnabled":true,"takesScreenshot":true,"handlesAlerts":false,"databaseEnabled":false,"locationContextEnabled":false,"applicationCacheEnabled":false,"browserConnectionEnabled":false,"cssSelectorsEnabled":true,"webStorageEnabled":false,"rotatable":false,"acceptSslCerts":false,"nativeEvents":true,"proxy":{"proxyType":"direct"}}
[INFO  - 2017-02-11T21:29:07.576Z] SessionManagerReqHand - _postNewSessionCommand - New Session Created: 1ea04680-f0a1-11e6-b27f-6dc127d91ed8
[INFO  - 2017-02-11T21:30:23.353Z] ShutdownReqHand - _handle - About to shutdown
[INFO  - 2017-02-11T21:31:27.400Z] GhostDriver - Main - running on port 27534
[INFO  - 2017-02-11T21:31:27.803Z] Session [7235d3f0-f0a1-11e6-a8d9-6395f063248d] - page.settings - {"XSSAuditingEnabled":false,"javascriptCanCloseWindows":true,"javascriptCanOpenWindows":true,"javascriptEnabled":true,"loadImages":true,"localToRemoteUrlAccessEnabled":false,"userAgent":"Mozilla/5.0 (Windows NT 6.2; WOW64) AppleWebKit/538.1 (KHTML, like Gecko) PhantomJS/2.1.1 Safari/538.1","webSecurityEnabled":true}
[INFO  - 2017-02-11T21:31:27.804Z] Session [7235d3f0-f0a1-11e6-a8d9-6395f063248d] - page.customHeaders:  - {}
[INFO  - 2017-02-11T21:31:27.804Z] Session [7235d3f0-f0a1-11e6-a8d9-6395f063248d] - Session.negotiatedCapabilities - {"browserName":"phantomjs","version":"2.1.1","driverName":"ghostdriver","driverVersion":"1.2.0","platform":"windows-10-32bit","javascriptEnabled":true,"takesScreenshot":true,"handlesAlerts":false,"databaseEnabled":false,"locationContextEnabled":false,"applicationCacheEnabled":false,"browserConnectionEnabled":false,"cssSelectorsEnabled":true,"webStorageEnabled":false,"rotatable":false,"acceptSslCerts":false,"nativeEvents":true,"proxy":{"proxyType":"direct"}}
[INFO  - 2017-02-11T21:31:27.804Z] SessionManagerReqHand - _postNewSessionCommand - New Session Created: 7235d3f0-f0a1-11e6-a8d9-6395f063248d
[INFO  - 2017-02-11T21:36:27.407Z] SessionManagerReqHand - _cleanupWindowlessSessions - Asynchronous Sessions clean-up phase starting NOW
[INFO  - 2017-02-11T21:41:27.408Z] SessionManagerReqHand - _cleanupWindowlessSessions - Asynchronous Sessions clean-up phase starting NOW
[INFO  - 2017-02-11T21:46:27.408Z] SessionManagerReqHand - _cleanupWindowlessSessions - Asynchronous Sessions clean-up phase starting NOW
38.1 (KHTML, like Gecko) PhantomJS/2.1.1 Safari/538.1","webSecurityEnabled":true}
[INFO  - 2017-02-11T21:34:46.220Z] Session [e8798de0-f0a1-11e6-8c9f-db968443fdf6] - page.customHeaders:  - {}
[INFO  - 2017-02-11T21:34:46.220Z] Session [e8798de0-f0a1-11e6-8c9f-db968443fdf6] - Session.negotiatedCapabilities - {"browserName":"phantomjs","version":"2.1.1","driverName":"ghostdriver","driverVersion":"1.2.0","platform":"windows-10-32bit","javascriptEnabled":true,"takesScreenshot":true,"handlesAlerts":false,"databaseEnabled":false,"locationContextEnabled":false,"applicationCacheEnabled":false,"browserConnectionEnabled":false,"cssSelectorsEnabled":true,"webStorageEnabled":false,"rotatable":false,"acceptSslCerts":false,"nativeEvents":true,"proxy":{"proxyType":"direct"}}
[INFO  - 2017-02-11T21:34:46.221Z] SessionManagerReqHand - _postNewSessionCommand - New Session Created: e8798de0-f0a1-11e6-8c9f-db968443fdf6
[INFO  - 2017-02-11T21:35:24.400Z] ShutdownReqHand - _handle - About to shutdown
[INFO  - 2017-02-11T21:39:35.924Z] GhostDriver - Main - running on port 8688
[INFO  - 2017-02-11T21:39:36.403Z] Session [95704570-f0a2-11e6-83b2-cfc90a3d44a3] - page.settings - {"XSSAuditingEnabled":false,"javascriptCanCloseWindows":true,"javascriptCanOpenWindows":true,"javascriptEnabled":true,"loadImages":true,"localToRemoteUrlAccessEnabled":false,"userAgent":"Mozilla/5.0 (Windows NT 6.2; WOW64) AppleWebKit/538.1 (KHTML, like Gecko) PhantomJS/2.1.1 Safari/538.1","webSecurityEnabled":true}
[INFO  - 2017-02-11T21:39:36.404Z] Session [95704570-f0a2-11e6-83b2-cfc90a3d44a3] - page.customHeaders:  - {}
[INFO  - 2017-02-11T21:39:36.404Z] Session [95704570-f0a2-11e6-83b2-cfc90a3d44a3] - Session.negotiatedCapabilities - {"browserName":"phantomjs","version":"2.1.1","driverName":"ghostdriver","driverVersion":"1.2.0","platform":"windows-10-32bit","javascriptEnabled":true,"takesScreenshot":true,"handlesAlerts":false,"databaseEnabled":false,"locationContextEnabled":false,"applicationCacheEnabled":false,"browserConnectionEnabled":false,"cssSelectorsEnabled":true,"webStorageEnabled":false,"rotatable":false,"acceptSslCerts":false,"nativeEvents":true,"proxy":{"proxyType":"direct"}}
[INFO  - 2017-02-11T21:39:36.404Z] SessionManagerReqHand - _postNewSessionCommand - New Session Created: 95704570-f0a2-11e6-83b2-cfc90a3d44a3
[INFO  - 2017-02-11T21:44:35.923Z] SessionManagerReqHand - _cleanupWindowlessSessions - Asynchronous Sessions clean-up phase starting NOW
e6-84e7-e36bd6b39aee] - page.settings - {"XSSAuditingEnabled":false,"javascriptCanCloseWindows":true,"javascriptCanOpenWindows":true,"javascriptEnabled":true,"loadImages":true,"localToRemoteUrlAccessEnabled":false,"userAgent":"Mozilla/5.0 (Windows NT 6.2; WOW64) AppleWebKit/538.1 (KHTML, like Gecko) PhantomJS/2.1.1 Safari/538.1","webSecurityEnabled":true}
[INFO  - 2017-02-11T21:41:42.752Z] Session [e0bf9940-f0a2-11e6-84e7-e36bd6b39aee] - page.customHeaders:  - {}
[INFO  - 2017-02-11T21:41:42.753Z] Session [e0bf9940-f0a2-11e6-84e7-e36bd6b39aee] - Session.negotiatedCapabilities - {"browserName":"phantomjs","version":"2.1.1","driverName":"ghostdriver","driverVersion":"1.2.0","platform":"windows-10-32bit","javascriptEnabled":true,"takesScreenshot":true,"handlesAlerts":false,"databaseEnabled":false,"locationContextEnabled":false,"applicationCacheEnabled":false,"browserConnectionEnabled":false,"cssSelectorsEnabled":true,"webStorageEnabled":false,"rotatable":false,"acceptSslCerts":false,"nativeEvents":true,"proxy":{"proxyType":"direct"}}
[INFO  - 2017-02-11T21:41:42.753Z] SessionManagerReqHand - _postNewSessionCommand - New Session Created: e0bf9940-f0a2-11e6-84e7-e36bd6b39aee
[INFO  - 2017-02-11T21:46:41.345Z] SessionManagerReqHand - _cleanupWindowlessSessions - Asynchronous Sessions clean-up phase starting NOW
e6-a3cc-3736ad285bf6] - page.settings - {"XSSAuditingEnabled":false,"javascriptCanCloseWindows":true,"javascriptCanOpenWindows":true,"javascriptEnabled":true,"loadImages":true,"localToRemoteUrlAccessEnabled":false,"userAgent":"Mozilla/5.0 (Windows NT 6.2; WOW64) AppleWebKit/538.1 (KHTML, like Gecko) PhantomJS/2.1.1 Safari/538.1","webSecurityEnabled":true}
[INFO  - 2017-02-11T21:45:24.129Z] Session [64b33360-f0a3-11e6-a3cc-3736ad285bf6] - page.customHeaders:  - {}
[INFO  - 2017-02-11T21:45:24.130Z] Session [64b33360-f0a3-11e6-a3cc-3736ad285bf6] - Session.negotiatedCapabilities - {"browserName":"phantomjs","version":"2.1.1","driverName":"ghostdriver","driverVersion":"1.2.0","platform":"windows-10-32bit","javascriptEnabled":true,"takesScreenshot":true,"handlesAlerts":false,"databaseEnabled":false,"locationContextEnabled":false,"applicationCacheEnabled":false,"browserConnectionEnabled":false,"cssSelectorsEnabled":true,"webStorageEnabled":false,"rotatable":false,"acceptSslCerts":false,"nativeEvents":true,"proxy":{"proxyType":"direct"}}
[INFO  - 2017-02-11T21:45:24.130Z] SessionManagerReqHand - _postNewSessionCommand - New Session Created: 64b33360-f0a3-11e6-a3cc-3736ad285bf6
[INFO  - 2017-02-11T21:46:24.128Z] GhostDriver - Main - running on port 17886
[INFO  - 2017-02-11T21:46:25.154Z] Session [89124430-f0a3-11e6-95f0-3d2743d6c060] - page.settings - {"XSSAuditingEnabled":false,"javascriptCanCloseWindows":true,"javascriptCanOpenWindows":true,"javascriptEnabled":true,"loadImages":true,"localToRemoteUrlAccessEnabled":false,"userAgent":"Mozilla/5.0 (Windows NT 6.2; WOW64) AppleWebKit/538.1 (KHTML, like Gecko) PhantomJS/2.1.1 Safari/538.1","webSecurityEnabled":true}
[INFO  - 2017-02-11T21:46:25.154Z] Session [89124430-f0a3-11e6-95f0-3d2743d6c060] - page.customHeaders:  - {}
[INFO  - 2017-02-11T21:46:25.154Z] Session [89124430-f0a3-11e6-95f0-3d2743d6c060] - Session.negotiatedCapabilities - {"browserName":"phantomjs","version":"2.1.1","driverName":"ghostdriver","driverVersion":"1.2.0","platform":"windows-10-32bit","javascriptEnabled":true,"takesScreenshot":true,"handlesAlerts":false,"databaseEnabled":false,"locationContextEnabled":false,"applicationCacheEnabled":false,"browserConnectionEnabled":false,"cssSelectorsEnabled":true,"webStorageEnabled":false,"rotatable":false,"acceptSslCerts":false,"nativeEvents":true,"proxy":{"proxyType":"direct"}}
[INFO  - 2017-02-11T21:46:25.155Z] SessionManagerReqHand - _postNewSessionCommand - New Session Created: 89124430-f0a3-11e6-95f0-3d2743d6c060
[INFO  - 2017-02-11T21:48:39.130Z] GhostDriver - Main - running on port 42581
[INFO  - 2017-02-11T21:48:39.486Z] Session [d9245030-f0a3-11e6-8833-015b8739b87d] - page.settings - {"XSSAuditingEnabled":false,"javascriptCanCloseWindows":true,"javascriptCanOpenWindows":true,"javascriptEnabled":true,"loadImages":true,"localToRemoteUrlAccessEnabled":false,"userAgent":"Mozilla/5.0 (Windows NT 6.2; WOW64) AppleWebKit/538.1 (KHTML, like Gecko) PhantomJS/2.1.1 Safari/538.1","webSecurityEnabled":true}
[INFO  - 2017-02-11T21:48:39.486Z] Session [d9245030-f0a3-11e6-8833-015b8739b87d] - page.customHeaders:  - {}
[INFO  - 2017-02-11T21:48:39.487Z] Session [d9245030-f0a3-11e6-8833-015b8739b87d] - Session.negotiatedCapabilities - {"browserName":"phantomjs","version":"2.1.1","driverName":"ghostdriver","driverVersion":"1.2.0","platform":"windows-10-32bit","javascriptEnabled":true,"takesScreenshot":true,"handlesAlerts":false,"databaseEnabled":false,"locationContextEnabled":false,"applicationCacheEnabled":false,"browserConnectionEnabled":false,"cssSelectorsEnabled":true,"webStorageEnabled":false,"rotatable":false,"acceptSslCerts":false,"nativeEvents":true,"proxy":{"proxyType":"direct"}}
[INFO  - 2017-02-11T21:48:39.487Z] SessionManagerReqHand - _postNewSessionCommand - New Session Created: d9245030-f0a3-11e6-8833-015b8739b87d
[INFO  - 2017-02-11T21:49:19.484Z] ShutdownReqHand - _handle - About to shutdown
[INFO  - 2017-02-11T21:51:41.662Z] GhostDriver - Main - running on port 24381
[INFO  - 2017-02-11T21:51:42.905Z] Session [4677d4e0-f0a4-11e6-82cd-7959298bfb52] - page.settings - {"XSSAuditingEnabled":false,"javascriptCanCloseWindows":true,"javascriptCanOpenWindows":true,"javascriptEnabled":true,"loadImages":true,"localToRemoteUrlAccessEnabled":false,"userAgent":"Mozilla/5.0 (Windows NT 6.2; WOW64) AppleWebKit/538.1 (KHTML, like Gecko) PhantomJS/2.1.1 Safari/538.1","webSecurityEnabled":true}
[INFO  - 2017-02-11T21:51:42.905Z] Session [4677d4e0-f0a4-11e6-82cd-7959298bfb52] - page.customHeaders:  - {}
[INFO  - 2017-02-11T21:51:42.906Z] Session [4677d4e0-f0a4-11e6-82cd-7959298bfb52] - Session.negotiatedCapabilities - {"browserName":"phantomjs","version":"2.1.1","driverName":"ghostdriver","driverVersion":"1.2.0","platform":"windows-10-32bit","javascriptEnabled":true,"takesScreenshot":true,"handlesAlerts":false,"databaseEnabled":false,"locationContextEnabled":false,"applicationCacheEnabled":false,"browserConnectionEnabled":false,"cssSelectorsEnabled":true,"webStorageEnabled":false,"rotatable":false,"acceptSslCerts":false,"nativeEvents":true,"proxy":{"proxyType":"direct"}}
[INFO  - 2017-02-11T21:51:42.906Z] SessionManagerReqHand - _postNewSessionCommand - New Session Created: 4677d4e0-f0a4-11e6-82cd-7959298bfb52
[ERROR - 2017-02-11T21:51:55.291Z] WebElementLocator - _handleLocateCommand - Element(s) NOT Found: GAVE UP. Search Stop Time: 1486849915232
[INFO  - 2017-02-11T21:53:22.503Z] GhostDriver - Main - running on port 50768
[INFO  - 2017-02-11T21:53:23.680Z] Session [82884410-f0a4-11e6-9da6-8383e32ff8c0] - page.settings - {"XSSAuditingEnabled":false,"javascriptCanCloseWindows":true,"javascriptCanOpenWindows":true,"javascriptEnabled":true,"loadImages":true,"localToRemoteUrlAccessEnabled":false,"userAgent":"Mozilla/5.0 (Windows NT 6.2; WOW64) AppleWebKit/538.1 (KHTML, like Gecko) PhantomJS/2.1.1 Safari/538.1","webSecurityEnabled":true}
[INFO  - 2017-02-11T21:53:23.680Z] Session [82884410-f0a4-11e6-9da6-8383e32ff8c0] - page.customHeaders:  - {}
[INFO  - 2017-02-11T21:53:23.681Z] Session [82884410-f0a4-11e6-9da6-8383e32ff8c0] - Session.negotiatedCapabilities - {"browserName":"phantomjs","version":"2.1.1","driverName":"ghostdriver","driverVersion":"1.2.0","platform":"windows-10-32bit","javascriptEnabled":true,"takesScreenshot":true,"handlesAlerts":false,"databaseEnabled":false,"locationContextEnabled":false,"applicationCacheEnabled":false,"browserConnectionEnabled":false,"cssSelectorsEnabled":true,"webStorageEnabled":false,"rotatable":false,"acceptSslCerts":false,"nativeEvents":true,"proxy":{"proxyType":"direct"}}
[INFO  - 2017-02-11T21:53:23.681Z] SessionManagerReqHand - _postNewSessionCommand - New Session Created: 82884410-f0a4-11e6-9da6-8383e32ff8c0
[INFO  - 2017-02-11T21:54:36.650Z] ShutdownReqHand - _handle - About to shutdown
[INFO  - 2017-02-11T22:03:19.994Z] GhostDriver - Main - running on port 28275
[INFO  - 2017-02-11T22:03:21.230Z] Session [e6b3c530-f0a5-11e6-b100-e9cd2fac20f2] - page.settings - {"XSSAuditingEnabled":false,"javascriptCanCloseWindows":true,"javascriptCanOpenWindows":true,"javascriptEnabled":true,"loadImages":true,"localToRemoteUrlAccessEnabled":false,"userAgent":"Mozilla/5.0 (Windows NT 6.2; WOW64) AppleWebKit/538.1 (KHTML, like Gecko) PhantomJS/2.1.1 Safari/538.1","webSecurityEnabled":true}
[INFO  - 2017-02-11T22:03:21.230Z] Session [e6b3c530-f0a5-11e6-b100-e9cd2fac20f2] - page.customHeaders:  - {}
[INFO  - 2017-02-11T22:03:21.230Z] Session [e6b3c530-f0a5-11e6-b100-e9cd2fac20f2] - Session.negotiatedCapabilities - {"browserName":"phantomjs","version":"2.1.1","driverName":"ghostdriver","driverVersion":"1.2.0","platform":"windows-10-32bit","javascriptEnabled":true,"takesScreenshot":true,"handlesAlerts":false,"databaseEnabled":false,"locationContextEnabled":false,"applicationCacheEnabled":false,"browserConnectionEnabled":false,"cssSelectorsEnabled":true,"webStorageEnabled":false,"rotatable":false,"acceptSslCerts":false,"nativeEvents":true,"proxy":{"proxyType":"direct"}}
[INFO  - 2017-02-11T22:03:21.231Z] SessionManagerReqHand - _postNewSessionCommand - New Session Created: e6b3c530-f0a5-11e6-b100-e9cd2fac20f2
[INFO  - 2017-02-11T22:05:17.678Z] ShutdownReqHand - _handle - About to shutdown
[INFO  - 2017-02-11T22:07:19.787Z] GhostDriver - Main - running on port 43414
[INFO  - 2017-02-11T22:07:20.994Z] Session [759b7ae0-f0a6-11e6-a0d4-af80a75e6d74] - page.settings - {"XSSAuditingEnabled":false,"javascriptCanCloseWindows":true,"javascriptCanOpenWindows":true,"javascriptEnabled":true,"loadImages":true,"localToRemoteUrlAccessEnabled":false,"userAgent":"Mozilla/5.0 (Windows NT 6.2; WOW64) AppleWebKit/538.1 (KHTML, like Gecko) PhantomJS/2.1.1 Safari/538.1","webSecurityEnabled":true}
[INFO  - 2017-02-11T22:07:20.994Z] Session [759b7ae0-f0a6-11e6-a0d4-af80a75e6d74] - page.customHeaders:  - {}
[INFO  - 2017-02-11T22:07:20.994Z] Session [759b7ae0-f0a6-11e6-a0d4-af80a75e6d74] - Session.negotiatedCapabilities - {"browserName":"phantomjs","version":"2.1.1","driverName":"ghostdriver","driverVersion":"1.2.0","platform":"windows-10-32bit","javascriptEnabled":true,"takesScreenshot":true,"handlesAlerts":false,"databaseEnabled":false,"locationContextEnabled":false,"applicationCacheEnabled":false,"browserConnectionEnabled":false,"cssSelectorsEnabled":true,"webStorageEnabled":false,"rotatable":false,"acceptSslCerts":false,"nativeEvents":true,"proxy":{"proxyType":"direct"}}
[INFO  - 2017-02-11T22:07:20.995Z] SessionManagerReqHand - _postNewSessionCommand - New Session Created: 759b7ae0-f0a6-11e6-a0d4-af80a75e6d74
[INFO  - 2017-02-11T22:12:19.783Z] SessionManagerReqHand - _cleanupWindowlessSessions - Asynchronous Sessions clean-up phase starting NOW
e6-a954-5fb6fa2744b8] - page.settings - {"XSSAuditingEnabled":false,"javascriptCanCloseWindows":true,"javascriptCanOpenWindows":true,"javascriptEnabled":true,"loadImages":true,"localToRemoteUrlAccessEnabled":false,"userAgent":"Mozilla/5.0 (Windows NT 6.2; WOW64) AppleWebKit/538.1 (KHTML, like Gecko) PhantomJS/2.1.1 Safari/538.1","webSecurityEnabled":true}
[INFO  - 2017-02-11T22:08:15.345Z] Session [9601b330-f0a6-11e6-a954-5fb6fa2744b8] - page.customHeaders:  - {}
[INFO  - 2017-02-11T22:08:15.345Z] Session [9601b330-f0a6-11e6-a954-5fb6fa2744b8] - Session.negotiatedCapabilities - {"browserName":"phantomjs","version":"2.1.1","driverName":"ghostdriver","driverVersion":"1.2.0","platform":"windows-10-32bit","javascriptEnabled":true,"takesScreenshot":true,"handlesAlerts":false,"databaseEnabled":false,"locationContextEnabled":false,"applicationCacheEnabled":false,"browserConnectionEnabled":false,"cssSelectorsEnabled":true,"webStorageEnabled":false,"rotatable":false,"acceptSslCerts":false,"nativeEvents":true,"proxy":{"proxyType":"direct"}}
[INFO  - 2017-02-11T22:08:15.346Z] SessionManagerReqHand - _postNewSessionCommand - New Session Created: 9601b330-f0a6-11e6-a954-5fb6fa2744b8
[INFO  - 2017-02-11T22:13:14.187Z] SessionManagerReqHand - _cleanupWindowlessSessions - Asynchronous Sessions clean-up phase starting NOW
[INFO  - 2017-02-11T22:16:07.839Z] GhostDriver - Main - running on port 11169
[INFO  - 2017-02-11T22:16:09.070Z] Session [b05edb30-f0a7-11e6-9603-6f8c2a3995b1] - page.settings - {"XSSAuditingEnabled":false,"javascriptCanCloseWindows":true,"javascriptCanOpenWindows":true,"javascriptEnabled":true,"loadImages":true,"localToRemoteUrlAccessEnabled":false,"userAgent":"Mozilla/5.0 (Windows NT 6.2; WOW64) AppleWebKit/538.1 (KHTML, like Gecko) PhantomJS/2.1.1 Safari/538.1","webSecurityEnabled":true}
[INFO  - 2017-02-11T22:16:09.071Z] Session [b05edb30-f0a7-11e6-9603-6f8c2a3995b1] - page.customHeaders:  - {}
[INFO  - 2017-02-11T22:16:09.071Z] Session [b05edb30-f0a7-11e6-9603-6f8c2a3995b1] - Session.negotiatedCapabilities - {"browserName":"phantomjs","version":"2.1.1","driverName":"ghostdriver","driverVersion":"1.2.0","platform":"windows-10-32bit","javascriptEnabled":true,"takesScreenshot":true,"handlesAlerts":false,"databaseEnabled":false,"locationContextEnabled":false,"applicationCacheEnabled":false,"browserConnectionEnabled":false,"cssSelectorsEnabled":true,"webStorageEnabled":false,"rotatable":false,"acceptSslCerts":false,"nativeEvents":true,"proxy":{"proxyType":"direct"}}
[INFO  - 2017-02-11T22:16:09.072Z] SessionManagerReqHand - _postNewSessionCommand - New Session Created: b05edb30-f0a7-11e6-9603-6f8c2a3995b1
[INFO  - 2017-02-11T22:16:31.769Z] ShutdownReqHand - _handle - About to shutdown
[INFO  - 2017-02-11T22:52:53.468Z] GhostDriver - Main - running on port 50876
[INFO  - 2017-02-11T22:52:54.955Z] Session [d32de3e0-f0ac-11e6-bf22-9d01bd35e8c6] - page.settings - {"XSSAuditingEnabled":false,"javascriptCanCloseWindows":true,"javascriptCanOpenWindows":true,"javascriptEnabled":true,"loadImages":true,"localToRemoteUrlAccessEnabled":false,"userAgent":"Mozilla/5.0 (Windows NT 6.2; WOW64) AppleWebKit/538.1 (KHTML, like Gecko) PhantomJS/2.1.1 Safari/538.1","webSecurityEnabled":true}
[INFO  - 2017-02-11T22:52:54.955Z] Session [d32de3e0-f0ac-11e6-bf22-9d01bd35e8c6] - page.customHeaders:  - {}
[INFO  - 2017-02-11T22:52:54.955Z] Session [d32de3e0-f0ac-11e6-bf22-9d01bd35e8c6] - Session.negotiatedCapabilities - {"browserName":"phantomjs","version":"2.1.1","driverName":"ghostdriver","driverVersion":"1.2.0","platform":"windows-10-32bit","javascriptEnabled":true,"takesScreenshot":true,"handlesAlerts":false,"databaseEnabled":false,"locationContextEnabled":false,"applicationCacheEnabled":false,"browserConnectionEnabled":false,"cssSelectorsEnabled":true,"webStorageEnabled":false,"rotatable":false,"acceptSslCerts":false,"nativeEvents":true,"proxy":{"proxyType":"direct"}}
[INFO  - 2017-02-11T22:52:54.956Z] SessionManagerReqHand - _postNewSessionCommand - New Session Created: d32de3e0-f0ac-11e6-bf22-9d01bd35e8c6
[INFO  - 2017-02-11T22:53:17.853Z] ShutdownReqHand - _handle - About to shutdown
[INFO  - 2017-02-11T22:58:17.336Z] GhostDriver - Main - running on port 10909
[INFO  - 2017-02-11T22:58:18.774Z] Session [9430bf90-f0ad-11e6-ac53-a39a059247ba] - page.settings - {"XSSAuditingEnabled":false,"javascriptCanCloseWindows":true,"javascriptCanOpenWindows":true,"javascriptEnabled":true,"loadImages":true,"localToRemoteUrlAccessEnabled":false,"userAgent":"Mozilla/5.0 (Windows NT 6.2; WOW64) AppleWebKit/538.1 (KHTML, like Gecko) PhantomJS/2.1.1 Safari/538.1","webSecurityEnabled":true}
[INFO  - 2017-02-11T22:58:18.775Z] Session [9430bf90-f0ad-11e6-ac53-a39a059247ba] - page.customHeaders:  - {}
[INFO  - 2017-02-11T22:58:18.775Z] Session [9430bf90-f0ad-11e6-ac53-a39a059247ba] - Session.negotiatedCapabilities - {"browserName":"phantomjs","version":"2.1.1","driverName":"ghostdriver","driverVersion":"1.2.0","platform":"windows-10-32bit","javascriptEnabled":true,"takesScreenshot":true,"handlesAlerts":false,"databaseEnabled":false,"locationContextEnabled":false,"applicationCacheEnabled":false,"browserConnectionEnabled":false,"cssSelectorsEnabled":true,"webStorageEnabled":false,"rotatable":false,"acceptSslCerts":false,"nativeEvents":true,"proxy":{"proxyType":"direct"}}
[INFO  - 2017-02-11T22:58:18.776Z] SessionManagerReqHand - _postNewSessionCommand - New Session Created: 9430bf90-f0ad-11e6-ac53-a39a059247ba
[INFO  - 2017-02-11T23:02:07.343Z] GhostDriver - Main - running on port 25272
[INFO  - 2017-02-11T23:02:07.831Z] Session [1cb812a0-f0ae-11e6-a2eb-bb1640a9ca05] - page.settings - {"XSSAuditingEnabled":false,"javascriptCanCloseWindows":true,"javascriptCanOpenWindows":true,"javascriptEnabled":true,"loadImages":true,"localToRemoteUrlAccessEnabled":false,"userAgent":"Mozilla/5.0 (Windows NT 6.2; WOW64) AppleWebKit/538.1 (KHTML, like Gecko) PhantomJS/2.1.1 Safari/538.1","webSecurityEnabled":true}
[INFO  - 2017-02-11T23:02:07.831Z] Session [1cb812a0-f0ae-11e6-a2eb-bb1640a9ca05] - page.customHeaders:  - {}
[INFO  - 2017-02-11T23:02:07.831Z] Session [1cb812a0-f0ae-11e6-a2eb-bb1640a9ca05] - Session.negotiatedCapabilities - {"browserName":"phantomjs","version":"2.1.1","driverName":"ghostdriver","driverVersion":"1.2.0","platform":"windows-10-32bit","javascriptEnabled":true,"takesScreenshot":true,"handlesAlerts":false,"databaseEnabled":false,"locationContextEnabled":false,"applicationCacheEnabled":false,"browserConnectionEnabled":false,"cssSelectorsEnabled":true,"webStorageEnabled":false,"rotatable":false,"acceptSslCerts":false,"nativeEvents":true,"proxy":{"proxyType":"direct"}}
[INFO  - 2017-02-11T23:02:07.832Z] SessionManagerReqHand - _postNewSessionCommand - New Session Created: 1cb812a0-f0ae-11e6-a2eb-bb1640a9ca05
[ERROR - 2017-02-11T23:02:24.229Z] WebElementLocator - _handleLocateCommand - Element(s) NOT Found: GAVE UP. Search Stop Time: 1486854144216
[INFO  - 2017-02-11T23:03:15.915Z] GhostDriver - Main - running on port 42749
[INFO  - 2017-02-11T23:03:16.942Z] Session [45e8f6d0-f0ae-11e6-bd9f-877236ef7ccb] - page.settings - {"XSSAuditingEnabled":false,"javascriptCanCloseWindows":true,"javascriptCanOpenWindows":true,"javascriptEnabled":true,"loadImages":true,"localToRemoteUrlAccessEnabled":false,"userAgent":"Mozilla/5.0 (Windows NT 6.2; WOW64) AppleWebKit/538.1 (KHTML, like Gecko) PhantomJS/2.1.1 Safari/538.1","webSecurityEnabled":true}
[INFO  - 2017-02-11T23:03:16.943Z] Session [45e8f6d0-f0ae-11e6-bd9f-877236ef7ccb] - page.customHeaders:  - {}
[INFO  - 2017-02-11T23:03:16.943Z] Session [45e8f6d0-f0ae-11e6-bd9f-877236ef7ccb] - Session.negotiatedCapabilities - {"browserName":"phantomjs","version":"2.1.1","driverName":"ghostdriver","driverVersion":"1.2.0","platform":"windows-10-32bit","javascriptEnabled":true,"takesScreenshot":true,"handlesAlerts":false,"databaseEnabled":false,"locationContextEnabled":false,"applicationCacheEnabled":false,"browserConnectionEnabled":false,"cssSelectorsEnabled":true,"webStorageEnabled":false,"rotatable":false,"acceptSslCerts":false,"nativeEvents":true,"proxy":{"proxyType":"direct"}}
[INFO  - 2017-02-11T23:03:16.944Z] SessionManagerReqHand - _postNewSessionCommand - New Session Created: 45e8f6d0-f0ae-11e6-bd9f-877236ef7ccb
[ERROR - 2017-02-11T23:03:33.624Z] WebElementLocator - _handleLocateCommand - Element(s) NOT Found: GAVE UP. Search Stop Time: 1486854213588
[INFO  - 2017-02-11T23:08:15.907Z] SessionManagerReqHand - _cleanupWindowlessSessions - Asynchronous Sessions clean-up phase starting NOW
[INFO  - 2017-02-11T23:13:15.907Z] SessionManagerReqHand - _cleanupWindowlessSessions - Asynchronous Sessions clean-up phase starting NOW
[INFO  - 2017-02-11T23:18:15.908Z] SessionManagerReqHand - _cleanupWindowlessSessions - Asynchronous Sessions clean-up phase starting NOW
[INFO  - 2017-02-11T23:23:15.922Z] SessionManagerReqHand - _cleanupWindowlessSessions - Asynchronous Sessions clean-up phase starting NOW
[INFO  - 2017-02-11T23:28:15.921Z] SessionManagerReqHand - _cleanupWindowlessSessions - Asynchronous Sessions clean-up phase starting NOW
e6-8fe5-8f4ff0794010] - page.settings - {"XSSAuditingEnabled":false,"javascriptCanCloseWindows":true,"javascriptCanOpenWindows":true,"javascriptEnabled":true,"loadImages":true,"localToRemoteUrlAccessEnabled":false,"userAgent":"Mozilla/5.0 (Windows NT 6.2; WOW64) AppleWebKit/538.1 (KHTML, like Gecko) PhantomJS/2.1.1 Safari/538.1","webSecurityEnabled":true}
[INFO  - 2017-02-11T23:23:45.327Z] Session [22166730-f0b1-11e6-8fe5-8f4ff0794010] - page.customHeaders:  - {}
[INFO  - 2017-02-11T23:23:45.327Z] Session [22166730-f0b1-11e6-8fe5-8f4ff0794010] - Session.negotiatedCapabilities - {"browserName":"phantomjs","version":"2.1.1","driverName":"ghostdriver","driverVersion":"1.2.0","platform":"windows-10-32bit","javascriptEnabled":true,"takesScreenshot":true,"handlesAlerts":false,"databaseEnabled":false,"locationContextEnabled":false,"applicationCacheEnabled":false,"browserConnectionEnabled":false,"cssSelectorsEnabled":true,"webStorageEnabled":false,"rotatable":false,"acceptSslCerts":false,"nativeEvents":true,"proxy":{"proxyType":"direct"}}
[INFO  - 2017-02-11T23:23:45.327Z] SessionManagerReqHand - _postNewSessionCommand - New Session Created: 22166730-f0b1-11e6-8fe5-8f4ff0794010
[INFO  - 2017-02-11T23:24:09.135Z] ShutdownReqHand - _handle - About to shutdown
[INFO  - 2017-02-11T23:25:20.138Z] GhostDriver - Main - running on port 55979
[INFO  - 2017-02-11T23:25:21.340Z] Session [5b50fa10-f0b1-11e6-93ec-2122540207e6] - page.settings - {"XSSAuditingEnabled":false,"javascriptCanCloseWindows":true,"javascriptCanOpenWindows":true,"javascriptEnabled":true,"loadImages":true,"localToRemoteUrlAccessEnabled":false,"userAgent":"Mozilla/5.0 (Windows NT 6.2; WOW64) AppleWebKit/538.1 (KHTML, like Gecko) PhantomJS/2.1.1 Safari/538.1","webSecurityEnabled":true}
[INFO  - 2017-02-11T23:25:21.341Z] Session [5b50fa10-f0b1-11e6-93ec-2122540207e6] - page.customHeaders:  - {}
[INFO  - 2017-02-11T23:25:21.341Z] Session [5b50fa10-f0b1-11e6-93ec-2122540207e6] - Session.negotiatedCapabilities - {"browserName":"phantomjs","version":"2.1.1","driverName":"ghostdriver","driverVersion":"1.2.0","platform":"windows-10-32bit","javascriptEnabled":true,"takesScreenshot":true,"handlesAlerts":false,"databaseEnabled":false,"locationContextEnabled":false,"applicationCacheEnabled":false,"browserConnectionEnabled":false,"cssSelectorsEnabled":true,"webStorageEnabled":false,"rotatable":false,"acceptSslCerts":false,"nativeEvents":true,"proxy":{"proxyType":"direct"}}
[INFO  - 2017-02-11T23:25:21.342Z] SessionManagerReqHand - _postNewSessionCommand - New Session Created: 5b50fa10-f0b1-11e6-93ec-2122540207e6
[INFO  - 2017-02-11T23:25:52.982Z] ShutdownReqHand - _handle - About to shutdown
[INFO  - 2017-02-11T23:26:10.881Z] GhostDriver - Main - running on port 57259
[INFO  - 2017-02-11T23:26:11.325Z] Session [791bee10-f0b1-11e6-a1fb-bb4c8a713c4d] - page.settings - {"XSSAuditingEnabled":false,"javascriptCanCloseWindows":true,"javascriptCanOpenWindows":true,"javascriptEnabled":true,"loadImages":true,"localToRemoteUrlAccessEnabled":false,"userAgent":"Mozilla/5.0 (Windows NT 6.2; WOW64) AppleWebKit/538.1 (KHTML, like Gecko) PhantomJS/2.1.1 Safari/538.1","webSecurityEnabled":true}
[INFO  - 2017-02-11T23:26:11.326Z] Session [791bee10-f0b1-11e6-a1fb-bb4c8a713c4d] - page.customHeaders:  - {}
[INFO  - 2017-02-11T23:26:11.326Z] Session [791bee10-f0b1-11e6-a1fb-bb4c8a713c4d] - Session.negotiatedCapabilities - {"browserName":"phantomjs","version":"2.1.1","driverName":"ghostdriver","driverVersion":"1.2.0","platform":"windows-10-32bit","javascriptEnabled":true,"takesScreenshot":true,"handlesAlerts":false,"databaseEnabled":false,"locationContextEnabled":false,"applicationCacheEnabled":false,"browserConnectionEnabled":false,"cssSelectorsEnabled":true,"webStorageEnabled":false,"rotatable":false,"acceptSslCerts":false,"nativeEvents":true,"proxy":{"proxyType":"direct"}}
[INFO  - 2017-02-11T23:26:11.327Z] SessionManagerReqHand - _postNewSessionCommand - New Session Created: 791bee10-f0b1-11e6-a1fb-bb4c8a713c4d
[INFO  - 2017-02-11T23:26:50.465Z] ShutdownReqHand - _handle - About to shutdown
[INFO  - 2017-02-11T23:30:41.866Z] GhostDriver - Main - running on port 59959
[INFO  - 2017-02-11T23:30:42.538Z] Session [1ac34ab0-f0b2-11e6-a396-1d7706c955e2] - page.settings - {"XSSAuditingEnabled":false,"javascriptCanCloseWindows":true,"javascriptCanOpenWindows":true,"javascriptEnabled":true,"loadImages":true,"localToRemoteUrlAccessEnabled":false,"userAgent":"Mozilla/5.0 (Windows NT 6.2; WOW64) AppleWebKit/538.1 (KHTML, like Gecko) PhantomJS/2.1.1 Safari/538.1","webSecurityEnabled":true}
[INFO  - 2017-02-11T23:30:42.538Z] Session [1ac34ab0-f0b2-11e6-a396-1d7706c955e2] - page.customHeaders:  - {}
[INFO  - 2017-02-11T23:30:42.539Z] Session [1ac34ab0-f0b2-11e6-a396-1d7706c955e2] - Session.negotiatedCapabilities - {"browserName":"phantomjs","version":"2.1.1","driverName":"ghostdriver","driverVersion":"1.2.0","platform":"windows-10-32bit","javascriptEnabled":true,"takesScreenshot":true,"handlesAlerts":false,"databaseEnabled":false,"locationContextEnabled":false,"applicationCacheEnabled":false,"browserConnectionEnabled":false,"cssSelectorsEnabled":true,"webStorageEnabled":false,"rotatable":false,"acceptSslCerts":false,"nativeEvents":true,"proxy":{"proxyType":"direct"}}
[INFO  - 2017-02-11T23:30:42.539Z] SessionManagerReqHand - _postNewSessionCommand - New Session Created: 1ac34ab0-f0b2-11e6-a396-1d7706c955e2
[ERROR - 2017-02-11T23:30:56.761Z] WebElementLocator - _handleLocateCommand - Element(s) NOT Found: GAVE UP. Search Stop Time: 1486855856718
[INFO  - 2017-02-11T23:31:47.658Z] GhostDriver - Main - running on port 61773
[INFO  - 2017-02-11T23:31:49.036Z] Session [4265edc0-f0b2-11e6-ac6b-715c2adc2135] - page.settings - {"XSSAuditingEnabled":false,"javascriptCanCloseWindows":true,"javascriptCanOpenWindows":true,"javascriptEnabled":true,"loadImages":true,"localToRemoteUrlAccessEnabled":false,"userAgent":"Mozilla/5.0 (Windows NT 6.2; WOW64) AppleWebKit/538.1 (KHTML, like Gecko) PhantomJS/2.1.1 Safari/538.1","webSecurityEnabled":true}
[INFO  - 2017-02-11T23:31:49.036Z] Session [4265edc0-f0b2-11e6-ac6b-715c2adc2135] - page.customHeaders:  - {}
[INFO  - 2017-02-11T23:31:49.037Z] Session [4265edc0-f0b2-11e6-ac6b-715c2adc2135] - Session.negotiatedCapabilities - {"browserName":"phantomjs","version":"2.1.1","driverName":"ghostdriver","driverVersion":"1.2.0","platform":"windows-10-32bit","javascriptEnabled":true,"takesScreenshot":true,"handlesAlerts":false,"databaseEnabled":false,"locationContextEnabled":false,"applicationCacheEnabled":false,"browserConnectionEnabled":false,"cssSelectorsEnabled":true,"webStorageEnabled":false,"rotatable":false,"acceptSslCerts":false,"nativeEvents":true,"proxy":{"proxyType":"direct"}}
[INFO  - 2017-02-11T23:31:49.037Z] SessionManagerReqHand - _postNewSessionCommand - New Session Created: 4265edc0-f0b2-11e6-ac6b-715c2adc2135
[ERROR - 2017-02-11T23:32:03.518Z] WebElementLocator - _handleLocateCommand - Element(s) NOT Found: GAVE UP. Search Stop Time: 1486855923484
[INFO  - 2017-02-11T23:36:47.660Z] SessionManagerReqHand - _cleanupWindowlessSessions - Asynchronous Sessions clean-up phase starting NOW
[INFO  - 2017-02-11T23:41:47.660Z] SessionManagerReqHand - _cleanupWindowlessSessions - Asynchronous Sessions clean-up phase starting NOW
scriptEnabled":true,"loadImages":true,"localToRemoteUrlAccessEnabled":false,"userAgent":"Mozilla/5.0 (Windows NT 6.2; WOW64) AppleWebKit/538.1 (KHTML, like Gecko) PhantomJS/2.1.1 Safari/538.1","webSecurityEnabled":true}
[INFO  - 2017-02-11T23:34:10.154Z] Session [9682d3a0-f0b2-11e6-8882-61d9a5a0bf3c] - page.customHeaders:  - {}
[INFO  - 2017-02-11T23:34:10.154Z] Session [9682d3a0-f0b2-11e6-8882-61d9a5a0bf3c] - Session.negotiatedCapabilities - {"browserName":"phantomjs","version":"2.1.1","driverName":"ghostdriver","driverVersion":"1.2.0","platform":"windows-10-32bit","javascriptEnabled":true,"takesScreenshot":true,"handlesAlerts":false,"databaseEnabled":false,"locationContextEnabled":false,"applicationCacheEnabled":false,"browserConnectionEnabled":false,"cssSelectorsEnabled":true,"webStorageEnabled":false,"rotatable":false,"acceptSslCerts":false,"nativeEvents":true,"proxy":{"proxyType":"direct"}}
[INFO  - 2017-02-11T23:34:10.155Z] SessionManagerReqHand - _postNewSessionCommand - New Session Created: 9682d3a0-f0b2-11e6-8882-61d9a5a0bf3c
[INFO  - 2017-02-11T23:34:33.306Z] ShutdownReqHand - _handle - About to shutdown
[INFO  - 2017-02-11T23:38:03.965Z] GhostDriver - Main - running on port 64507
[INFO  - 2017-02-11T23:38:04.427Z] Session [2226d000-f0b3-11e6-a592-355c26aca284] - page.settings - {"XSSAuditingEnabled":false,"javascriptCanCloseWindows":true,"javascriptCanOpenWindows":true,"javascriptEnabled":true,"loadImages":true,"localToRemoteUrlAccessEnabled":false,"userAgent":"Mozilla/5.0 (Windows NT 6.2; WOW64) AppleWebKit/538.1 (KHTML, like Gecko) PhantomJS/2.1.1 Safari/538.1","webSecurityEnabled":true}
[INFO  - 2017-02-11T23:38:04.427Z] Session [2226d000-f0b3-11e6-a592-355c26aca284] - page.customHeaders:  - {}
[INFO  - 2017-02-11T23:38:04.427Z] Session [2226d000-f0b3-11e6-a592-355c26aca284] - Session.negotiatedCapabilities - {"browserName":"phantomjs","version":"2.1.1","driverName":"ghostdriver","driverVersion":"1.2.0","platform":"windows-10-32bit","javascriptEnabled":true,"takesScreenshot":true,"handlesAlerts":false,"databaseEnabled":false,"locationContextEnabled":false,"applicationCacheEnabled":false,"browserConnectionEnabled":false,"cssSelectorsEnabled":true,"webStorageEnabled":false,"rotatable":false,"acceptSslCerts":false,"nativeEvents":true,"proxy":{"proxyType":"direct"}}
[INFO  - 2017-02-11T23:38:04.428Z] SessionManagerReqHand - _postNewSessionCommand - New Session Created: 2226d000-f0b3-11e6-a592-355c26aca284
[INFO  - 2017-02-11T23:38:23.151Z] ShutdownReqHand - _handle - About to shutdown
[INFO  - 2017-02-11T23:41:07.448Z] GhostDriver - Main - running on port 13902
[INFO  - 2017-02-11T23:41:08.396Z] Session [8fce4110-f0b3-11e6-9771-812b2bbfa060] - page.settings - {"XSSAuditingEnabled":false,"javascriptCanCloseWindows":true,"javascriptCanOpenWindows":true,"javascriptEnabled":true,"loadImages":true,"localToRemoteUrlAccessEnabled":false,"userAgent":"Mozilla/5.0 (Windows NT 6.2; WOW64) AppleWebKit/538.1 (KHTML, like Gecko) PhantomJS/2.1.1 Safari/538.1","webSecurityEnabled":true}
[INFO  - 2017-02-11T23:41:08.397Z] Session [8fce4110-f0b3-11e6-9771-812b2bbfa060] - page.customHeaders:  - {}
[INFO  - 2017-02-11T23:41:08.397Z] Session [8fce4110-f0b3-11e6-9771-812b2bbfa060] - Session.negotiatedCapabilities - {"browserName":"phantomjs","version":"2.1.1","driverName":"ghostdriver","driverVersion":"1.2.0","platform":"windows-10-32bit","javascriptEnabled":true,"takesScreenshot":true,"handlesAlerts":false,"databaseEnabled":false,"locationContextEnabled":false,"applicationCacheEnabled":false,"browserConnectionEnabled":false,"cssSelectorsEnabled":true,"webStorageEnabled":false,"rotatable":false,"acceptSslCerts":false,"nativeEvents":true,"proxy":{"proxyType":"direct"}}
[INFO  - 2017-02-11T23:41:08.397Z] SessionManagerReqHand - _postNewSessionCommand - New Session Created: 8fce4110-f0b3-11e6-9771-812b2bbfa060
[ERROR - 2017-02-11T23:41:24.529Z] WebElementLocator - _handleLocateCommand - Element(s) NOT Found: GAVE UP. Search Stop Time: 1486856484466
[INFO  - 2017-02-11T23:42:36.196Z] GhostDriver - Main - running on port 29355
[INFO  - 2017-02-11T23:42:36.645Z] Session [c46822b0-f0b3-11e6-bc80-5375bc6c937f] - page.settings - {"XSSAuditingEnabled":false,"javascriptCanCloseWindows":true,"javascriptCanOpenWindows":true,"javascriptEnabled":true,"loadImages":true,"localToRemoteUrlAccessEnabled":false,"userAgent":"Mozilla/5.0 (Windows NT 6.2; WOW64) AppleWebKit/538.1 (KHTML, like Gecko) PhantomJS/2.1.1 Safari/538.1","webSecurityEnabled":true}
[INFO  - 2017-02-11T23:42:36.646Z] Session [c46822b0-f0b3-11e6-bc80-5375bc6c937f] - page.customHeaders:  - {}
[INFO  - 2017-02-11T23:42:36.646Z] Session [c46822b0-f0b3-11e6-bc80-5375bc6c937f] - Session.negotiatedCapabilities - {"browserName":"phantomjs","version":"2.1.1","driverName":"ghostdriver","driverVersion":"1.2.0","platform":"windows-10-32bit","javascriptEnabled":true,"takesScreenshot":true,"handlesAlerts":false,"databaseEnabled":false,"locationContextEnabled":false,"applicationCacheEnabled":false,"browserConnectionEnabled":false,"cssSelectorsEnabled":true,"webStorageEnabled":false,"rotatable":false,"acceptSslCerts":false,"nativeEvents":true,"proxy":{"proxyType":"direct"}}
[INFO  - 2017-02-11T23:42:36.647Z] SessionManagerReqHand - _postNewSessionCommand - New Session Created: c46822b0-f0b3-11e6-bc80-5375bc6c937f
[INFO  - 2017-02-11T23:47:36.202Z] SessionManagerReqHand - _cleanupWindowlessSessions - Asynchronous Sessions clean-up phase starting NOW
[INFO  - 2017-02-11T23:52:36.208Z] SessionManagerReqHand - _cleanupWindowlessSessions - Asynchronous Sessions clean-up phase starting NOW
scriptEnabled":true,"loadImages":true,"localToRemoteUrlAccessEnabled":false,"userAgent":"Mozilla/5.0 (Windows NT 6.2; WOW64) AppleWebKit/538.1 (KHTML, like Gecko) PhantomJS/2.1.1 Safari/538.1","webSecurityEnabled":true}
[INFO  - 2017-02-11T23:43:56.763Z] Session [f428b6e0-f0b3-11e6-a902-a5a468ebd2c0] - page.customHeaders:  - {}
[INFO  - 2017-02-11T23:43:56.763Z] Session [f428b6e0-f0b3-11e6-a902-a5a468ebd2c0] - Session.negotiatedCapabilities - {"browserName":"phantomjs","version":"2.1.1","driverName":"ghostdriver","driverVersion":"1.2.0","platform":"windows-10-32bit","javascriptEnabled":true,"takesScreenshot":true,"handlesAlerts":false,"databaseEnabled":false,"locationContextEnabled":false,"applicationCacheEnabled":false,"browserConnectionEnabled":false,"cssSelectorsEnabled":true,"webStorageEnabled":false,"rotatable":false,"acceptSslCerts":false,"nativeEvents":true,"proxy":{"proxyType":"direct"}}
[INFO  - 2017-02-11T23:43:56.764Z] SessionManagerReqHand - _postNewSessionCommand - New Session Created: f428b6e0-f0b3-11e6-a902-a5a468ebd2c0
[INFO  - 2017-02-11T23:44:13.946Z] ShutdownReqHand - _handle - About to shutdown
[INFO  - 2017-03-04T09:51:12.838Z] GhostDriver - Main - running on port 55845
[INFO  - 2017-03-04T09:51:13.457Z] Session [1a624c60-00c0-11e7-87a7-8be525b15c0d] - page.settings - {"XSSAuditingEnabled":false,"javascriptCanCloseWindows":true,"javascriptCanOpenWindows":true,"javascriptEnabled":true,"loadImages":true,"localToRemoteUrlAccessEnabled":false,"userAgent":"Mozilla/5.0 (Windows NT 6.2; WOW64) AppleWebKit/538.1 (KHTML, like Gecko) PhantomJS/2.1.1 Safari/538.1","webSecurityEnabled":true}
[INFO  - 2017-03-04T09:51:13.457Z] Session [1a624c60-00c0-11e7-87a7-8be525b15c0d] - page.customHeaders:  - {}
[INFO  - 2017-03-04T09:51:13.457Z] Session [1a624c60-00c0-11e7-87a7-8be525b15c0d] - Session.negotiatedCapabilities - {"browserName":"phantomjs","version":"2.1.1","driverName":"ghostdriver","driverVersion":"1.2.0","platform":"windows-10-32bit","javascriptEnabled":true,"takesScreenshot":true,"handlesAlerts":false,"databaseEnabled":false,"locationContextEnabled":false,"applicationCacheEnabled":false,"browserConnectionEnabled":false,"cssSelectorsEnabled":true,"webStorageEnabled":false,"rotatable":false,"acceptSslCerts":false,"nativeEvents":true,"proxy":{"proxyType":"direct"}}
[INFO  - 2017-03-04T09:51:13.458Z] SessionManagerReqHand - _postNewSessionCommand - New Session Created: 1a624c60-00c0-11e7-87a7-8be525b15c0d
[INFO  - 2017-03-04T09:51:25.281Z] ShutdownReqHand - _handle - About to shutdown
[INFO  - 2017-03-04T09:52:18.904Z] GhostDriver - Main - running on port 64480
[INFO  - 2017-03-04T09:52:19.321Z] Session [41a458e0-00c0-11e7-ae38-d33b10d0e8f9] - page.settings - {"XSSAuditingEnabled":false,"javascriptCanCloseWindows":true,"javascriptCanOpenWindows":true,"javascriptEnabled":true,"loadImages":true,"localToRemoteUrlAccessEnabled":false,"userAgent":"Mozilla/5.0 (Windows NT 6.2; WOW64) AppleWebKit/538.1 (KHTML, like Gecko) PhantomJS/2.1.1 Safari/538.1","webSecurityEnabled":true}
[INFO  - 2017-03-04T09:52:19.321Z] Session [41a458e0-00c0-11e7-ae38-d33b10d0e8f9] - page.customHeaders:  - {}
[INFO  - 2017-03-04T09:52:19.322Z] Session [41a458e0-00c0-11e7-ae38-d33b10d0e8f9] - Session.negotiatedCapabilities - {"browserName":"phantomjs","version":"2.1.1","driverName":"ghostdriver","driverVersion":"1.2.0","platform":"windows-10-32bit","javascriptEnabled":true,"takesScreenshot":true,"handlesAlerts":false,"databaseEnabled":false,"locationContextEnabled":false,"applicationCacheEnabled":false,"browserConnectionEnabled":false,"cssSelectorsEnabled":true,"webStorageEnabled":false,"rotatable":false,"acceptSslCerts":false,"nativeEvents":true,"proxy":{"proxyType":"direct"}}
[INFO  - 2017-03-04T09:52:19.322Z] SessionManagerReqHand - _postNewSessionCommand - New Session Created: 41a458e0-00c0-11e7-ae38-d33b10d0e8f9
[ERROR - 2017-03-04T09:52:57.078Z] WebElementLocator - _handleLocateCommand - Element(s) NOT Found: GAVE UP. Search Stop Time: 1488621176151
[INFO  - 2017-03-04T09:53:23.573Z] ShutdownReqHand - _handle - About to shutdown
[INFO  - 2017-03-04T09:54:49.532Z] GhostDriver - Main - running on port 62233
[INFO  - 2017-03-04T09:54:50.996Z] Session [9c0b5a40-00c0-11e7-a4e0-91baefeb2b5f] - page.settings - {"XSSAuditingEnabled":false,"javascriptCanCloseWindows":true,"javascriptCanOpenWindows":true,"javascriptEnabled":true,"loadImages":true,"localToRemoteUrlAccessEnabled":false,"userAgent":"Mozilla/5.0 (Windows NT 6.2; WOW64) AppleWebKit/538.1 (KHTML, like Gecko) PhantomJS/2.1.1 Safari/538.1","webSecurityEnabled":true}
[INFO  - 2017-03-04T09:54:50.997Z] Session [9c0b5a40-00c0-11e7-a4e0-91baefeb2b5f] - page.customHeaders:  - {}
[INFO  - 2017-03-04T09:54:50.997Z] Session [9c0b5a40-00c0-11e7-a4e0-91baefeb2b5f] - Session.negotiatedCapabilities - {"browserName":"phantomjs","version":"2.1.1","driverName":"ghostdriver","driverVersion":"1.2.0","platform":"windows-10-32bit","javascriptEnabled":true,"takesScreenshot":true,"handlesAlerts":false,"databaseEnabled":false,"locationContextEnabled":false,"applicationCacheEnabled":false,"browserConnectionEnabled":false,"cssSelectorsEnabled":true,"webStorageEnabled":false,"rotatable":false,"acceptSslCerts":false,"nativeEvents":true,"proxy":{"proxyType":"direct"}}
[INFO  - 2017-03-04T09:54:50.998Z] SessionManagerReqHand - _postNewSessionCommand - New Session Created: 9c0b5a40-00c0-11e7-a4e0-91baefeb2b5f
[INFO  - 2017-03-04T09:55:29.679Z] ShutdownReqHand - _handle - About to shutdown
[INFO  - 2017-03-04T09:55:44.046Z] GhostDriver - Main - running on port 36869
[INFO  - 2017-03-04T09:55:44.512Z] Session [bbf20250-00c0-11e7-a4c9-4904b5f8f476] - page.settings - {"XSSAuditingEnabled":false,"javascriptCanCloseWindows":true,"javascriptCanOpenWindows":true,"javascriptEnabled":true,"loadImages":true,"localToRemoteUrlAccessEnabled":false,"userAgent":"Mozilla/5.0 (Windows NT 6.2; WOW64) AppleWebKit/538.1 (KHTML, like Gecko) PhantomJS/2.1.1 Safari/538.1","webSecurityEnabled":true}
[INFO  - 2017-03-04T09:55:44.512Z] Session [bbf20250-00c0-11e7-a4c9-4904b5f8f476] - page.customHeaders:  - {}
[INFO  - 2017-03-04T09:55:44.513Z] Session [bbf20250-00c0-11e7-a4c9-4904b5f8f476] - Session.negotiatedCapabilities - {"browserName":"phantomjs","version":"2.1.1","driverName":"ghostdriver","driverVersion":"1.2.0","platform":"windows-10-32bit","javascriptEnabled":true,"takesScreenshot":true,"handlesAlerts":false,"databaseEnabled":false,"locationContextEnabled":false,"applicationCacheEnabled":false,"browserConnectionEnabled":false,"cssSelectorsEnabled":true,"webStorageEnabled":false,"rotatable":false,"acceptSslCerts":false,"nativeEvents":true,"proxy":{"proxyType":"direct"}}
[INFO  - 2017-03-04T09:55:44.513Z] SessionManagerReqHand - _postNewSessionCommand - New Session Created: bbf20250-00c0-11e7-a4c9-4904b5f8f476
[INFO  - 2017-03-04T10:00:44.041Z] SessionManagerReqHand - _cleanupWindowlessSessions - Asynchronous Sessions clean-up phase starting NOW
[INFO  - 2017-03-04T10:01:38.286Z] GhostDriver - Main - running on port 56518
[INFO  - 2017-03-04T10:01:38.697Z] Session [8f0e32d0-00c1-11e7-92cc-9982c69f2f28] - page.settings - {"XSSAuditingEnabled":false,"javascriptCanCloseWindows":true,"javascriptCanOpenWindows":true,"javascriptEnabled":true,"loadImages":true,"localToRemoteUrlAccessEnabled":false,"userAgent":"Mozilla/5.0 (Windows NT 6.2; WOW64) AppleWebKit/538.1 (KHTML, like Gecko) PhantomJS/2.1.1 Safari/538.1","webSecurityEnabled":true}
[INFO  - 2017-03-04T10:01:38.697Z] Session [8f0e32d0-00c1-11e7-92cc-9982c69f2f28] - page.customHeaders:  - {}
[INFO  - 2017-03-04T10:01:38.698Z] Session [8f0e32d0-00c1-11e7-92cc-9982c69f2f28] - Session.negotiatedCapabilities - {"browserName":"phantomjs","version":"2.1.1","driverName":"ghostdriver","driverVersion":"1.2.0","platform":"windows-10-32bit","javascriptEnabled":true,"takesScreenshot":true,"handlesAlerts":false,"databaseEnabled":false,"locationContextEnabled":false,"applicationCacheEnabled":false,"browserConnectionEnabled":false,"cssSelectorsEnabled":true,"webStorageEnabled":false,"rotatable":false,"acceptSslCerts":false,"nativeEvents":true,"proxy":{"proxyType":"direct"}}
[INFO  - 2017-03-04T10:01:38.698Z] SessionManagerReqHand - _postNewSessionCommand - New Session Created: 8f0e32d0-00c1-11e7-92cc-9982c69f2f28
[ERROR - 2017-03-04T10:02:02.317Z] WebElementLocator - _handleLocateCommand - Element(s) NOT Found: GAVE UP. Search Stop Time: 1488621721322
[INFO  - 2017-03-04T10:02:06.588Z] ShutdownReqHand - _handle - About to shutdown
[INFO  - 2017-03-04T10:03:11.382Z] GhostDriver - Main - running on port 27770
[INFO  - 2017-03-04T10:03:12.698Z] Session [c7154ec0-00c1-11e7-82d8-210292151054] - page.settings - {"XSSAuditingEnabled":false,"javascriptCanCloseWindows":true,"javascriptCanOpenWindows":true,"javascriptEnabled":true,"loadImages":true,"localToRemoteUrlAccessEnabled":false,"userAgent":"Mozilla/5.0 (Windows NT 6.2; WOW64) AppleWebKit/538.1 (KHTML, like Gecko) PhantomJS/2.1.1 Safari/538.1","webSecurityEnabled":true}
[INFO  - 2017-03-04T10:03:12.698Z] Session [c7154ec0-00c1-11e7-82d8-210292151054] - page.customHeaders:  - {}
[INFO  - 2017-03-04T10:03:12.698Z] Session [c7154ec0-00c1-11e7-82d8-210292151054] - Session.negotiatedCapabilities - {"browserName":"phantomjs","version":"2.1.1","driverName":"ghostdriver","driverVersion":"1.2.0","platform":"windows-10-32bit","javascriptEnabled":true,"takesScreenshot":true,"handlesAlerts":false,"databaseEnabled":false,"locationContextEnabled":false,"applicationCacheEnabled":false,"browserConnectionEnabled":false,"cssSelectorsEnabled":true,"webStorageEnabled":false,"rotatable":false,"acceptSslCerts":false,"nativeEvents":true,"proxy":{"proxyType":"direct"}}
[INFO  - 2017-03-04T10:03:12.699Z] SessionManagerReqHand - _postNewSessionCommand - New Session Created: c7154ec0-00c1-11e7-82d8-210292151054
[ERROR - 2017-03-04T10:03:28.717Z] WebElementLocator - _handleLocateCommand - Element(s) NOT Found: GAVE UP. Search Stop Time: 1488621807700
[INFO  - 2017-03-04T10:03:32.614Z] ShutdownReqHand - _handle - About to shutdown
[INFO  - 2017-03-04T10:03:52.542Z] GhostDriver - Main - running on port 56054
[INFO  - 2017-03-04T10:03:53.846Z] Session [df9bb060-00c1-11e7-a8da-c1d3ac2260db] - page.settings - {"XSSAuditingEnabled":false,"javascriptCanCloseWindows":true,"javascriptCanOpenWindows":true,"javascriptEnabled":true,"loadImages":true,"localToRemoteUrlAccessEnabled":false,"userAgent":"Mozilla/5.0 (Windows NT 6.2; WOW64) AppleWebKit/538.1 (KHTML, like Gecko) PhantomJS/2.1.1 Safari/538.1","webSecurityEnabled":true}
[INFO  - 2017-03-04T10:03:53.846Z] Session [df9bb060-00c1-11e7-a8da-c1d3ac2260db] - page.customHeaders:  - {}
[INFO  - 2017-03-04T10:03:53.847Z] Session [df9bb060-00c1-11e7-a8da-c1d3ac2260db] - Session.negotiatedCapabilities - {"browserName":"phantomjs","version":"2.1.1","driverName":"ghostdriver","driverVersion":"1.2.0","platform":"windows-10-32bit","javascriptEnabled":true,"takesScreenshot":true,"handlesAlerts":false,"databaseEnabled":false,"locationContextEnabled":false,"applicationCacheEnabled":false,"browserConnectionEnabled":false,"cssSelectorsEnabled":true,"webStorageEnabled":false,"rotatable":false,"acceptSslCerts":false,"nativeEvents":true,"proxy":{"proxyType":"direct"}}
[INFO  - 2017-03-04T10:03:53.848Z] SessionManagerReqHand - _postNewSessionCommand - New Session Created: df9bb060-00c1-11e7-a8da-c1d3ac2260db
[ERROR - 2017-03-04T10:04:09.413Z] WebElementLocator - _handleLocateCommand - Element(s) NOT Found: GAVE UP. Search Stop Time: 1488621848521
[INFO  - 2017-03-04T10:04:14.906Z] ShutdownReqHand - _handle - About to shutdown
[INFO  - 2017-03-04T10:06:11.386Z] GhostDriver - Main - running on port 20939
[INFO  - 2017-03-04T10:06:11.810Z] Session [31d70500-00c2-11e7-bc5a-2f9e7586d347] - page.settings - {"XSSAuditingEnabled":false,"javascriptCanCloseWindows":true,"javascriptCanOpenWindows":true,"javascriptEnabled":true,"loadImages":true,"localToRemoteUrlAccessEnabled":false,"userAgent":"Mozilla/5.0 (Windows NT 6.2; WOW64) AppleWebKit/538.1 (KHTML, like Gecko) PhantomJS/2.1.1 Safari/538.1","webSecurityEnabled":true}
[INFO  - 2017-03-04T10:06:11.810Z] Session [31d70500-00c2-11e7-bc5a-2f9e7586d347] - page.customHeaders:  - {}
[INFO  - 2017-03-04T10:06:11.810Z] Session [31d70500-00c2-11e7-bc5a-2f9e7586d347] - Session.negotiatedCapabilities - {"browserName":"phantomjs","version":"2.1.1","driverName":"ghostdriver","driverVersion":"1.2.0","platform":"windows-10-32bit","javascriptEnabled":true,"takesScreenshot":true,"handlesAlerts":false,"databaseEnabled":false,"locationContextEnabled":false,"applicationCacheEnabled":false,"browserConnectionEnabled":false,"cssSelectorsEnabled":true,"webStorageEnabled":false,"rotatable":false,"acceptSslCerts":false,"nativeEvents":true,"proxy":{"proxyType":"direct"}}
[INFO  - 2017-03-04T10:06:11.811Z] SessionManagerReqHand - _postNewSessionCommand - New Session Created: 31d70500-00c2-11e7-bc5a-2f9e7586d347
[ERROR - 2017-03-04T10:06:29.598Z] WebElementLocator - _handleLocateCommand - Element(s) NOT Found: GAVE UP. Search Stop Time: 1488621987972
[INFO  - 2017-03-04T10:06:34.094Z] ShutdownReqHand - _handle - About to shutdown
[INFO  - 2017-03-04T10:07:14.670Z] GhostDriver - Main - running on port 45643
[INFO  - 2017-03-04T10:07:15.891Z] Session [580a1280-00c2-11e7-94e0-2dc9c53f002b] - page.settings - {"XSSAuditingEnabled":false,"javascriptCanCloseWindows":true,"javascriptCanOpenWindows":true,"javascriptEnabled":true,"loadImages":true,"localToRemoteUrlAccessEnabled":false,"userAgent":"Mozilla/5.0 (Windows NT 6.2; WOW64) AppleWebKit/538.1 (KHTML, like Gecko) PhantomJS/2.1.1 Safari/538.1","webSecurityEnabled":true}
[INFO  - 2017-03-04T10:07:15.891Z] Session [580a1280-00c2-11e7-94e0-2dc9c53f002b] - page.customHeaders:  - {}
[INFO  - 2017-03-04T10:07:15.891Z] Session [580a1280-00c2-11e7-94e0-2dc9c53f002b] - Session.negotiatedCapabilities - {"browserName":"phantomjs","version":"2.1.1","driverName":"ghostdriver","driverVersion":"1.2.0","platform":"windows-10-32bit","javascriptEnabled":true,"takesScreenshot":true,"handlesAlerts":false,"databaseEnabled":false,"locationContextEnabled":false,"applicationCacheEnabled":false,"browserConnectionEnabled":false,"cssSelectorsEnabled":true,"webStorageEnabled":false,"rotatable":false,"acceptSslCerts":false,"nativeEvents":true,"proxy":{"proxyType":"direct"}}
[INFO  - 2017-03-04T10:07:15.893Z] SessionManagerReqHand - _postNewSessionCommand - New Session Created: 580a1280-00c2-11e7-94e0-2dc9c53f002b
[ERROR - 2017-03-04T10:08:47.261Z] WebElementLocator - _handleLocateCommand - Element(s) NOT Found: GAVE UP. Search Stop Time: 1488622126250
[INFO  - 2017-03-04T10:10:42.065Z] ShutdownReqHand - _handle - About to shutdown
[INFO  - 2017-03-04T10:14:15.783Z] GhostDriver - Main - running on port 46216
[INFO  - 2017-03-04T10:14:16.283Z] Session [529b1f50-00c3-11e7-be65-9992342f302d] - page.settings - {"XSSAuditingEnabled":false,"javascriptCanCloseWindows":true,"javascriptCanOpenWindows":true,"javascriptEnabled":true,"loadImages":true,"localToRemoteUrlAccessEnabled":false,"userAgent":"Mozilla/5.0 (Windows NT 6.2; WOW64) AppleWebKit/538.1 (KHTML, like Gecko) PhantomJS/2.1.1 Safari/538.1","webSecurityEnabled":true}
[INFO  - 2017-03-04T10:14:16.284Z] Session [529b1f50-00c3-11e7-be65-9992342f302d] - page.customHeaders:  - {}
[INFO  - 2017-03-04T10:14:16.284Z] Session [529b1f50-00c3-11e7-be65-9992342f302d] - Session.negotiatedCapabilities - {"browserName":"phantomjs","version":"2.1.1","driverName":"ghostdriver","driverVersion":"1.2.0","platform":"windows-10-32bit","javascriptEnabled":true,"takesScreenshot":true,"handlesAlerts":false,"databaseEnabled":false,"locationContextEnabled":false,"applicationCacheEnabled":false,"browserConnectionEnabled":false,"cssSelectorsEnabled":true,"webStorageEnabled":false,"rotatable":false,"acceptSslCerts":false,"nativeEvents":true,"proxy":{"proxyType":"direct"}}
[INFO  - 2017-03-04T10:14:16.285Z] SessionManagerReqHand - _postNewSessionCommand - New Session Created: 529b1f50-00c3-11e7-be65-9992342f302d
[ERROR - 2017-03-04T10:14:31.928Z] WebElementLocator - _handleLocateCommand - Element(s) NOT Found: GAVE UP. Search Stop Time: 1488622470926
[INFO  - 2017-03-04T10:14:35.943Z] ShutdownReqHand - _handle - About to shutdown
[INFO  - 2017-03-04T10:14:55.516Z] GhostDriver - Main - running on port 64400
[INFO  - 2017-03-04T10:14:56.866Z] Session [6accf850-00c3-11e7-882e-bb24083a41cd] - page.settings - {"XSSAuditingEnabled":false,"javascriptCanCloseWindows":true,"javascriptCanOpenWindows":true,"javascriptEnabled":true,"loadImages":true,"localToRemoteUrlAccessEnabled":false,"userAgent":"Mozilla/5.0 (Windows NT 6.2; WOW64) AppleWebKit/538.1 (KHTML, like Gecko) PhantomJS/2.1.1 Safari/538.1","webSecurityEnabled":true}
[INFO  - 2017-03-04T10:14:56.866Z] Session [6accf850-00c3-11e7-882e-bb24083a41cd] - page.customHeaders:  - {}
[INFO  - 2017-03-04T10:14:56.867Z] Session [6accf850-00c3-11e7-882e-bb24083a41cd] - Session.negotiatedCapabilities - {"browserName":"phantomjs","version":"2.1.1","driverName":"ghostdriver","driverVersion":"1.2.0","platform":"windows-10-32bit","javascriptEnabled":true,"takesScreenshot":true,"handlesAlerts":false,"databaseEnabled":false,"locationContextEnabled":false,"applicationCacheEnabled":false,"browserConnectionEnabled":false,"cssSelectorsEnabled":true,"webStorageEnabled":false,"rotatable":false,"acceptSslCerts":false,"nativeEvents":true,"proxy":{"proxyType":"direct"}}
[INFO  - 2017-03-04T10:14:56.867Z] SessionManagerReqHand - _postNewSessionCommand - New Session Created: 6accf850-00c3-11e7-882e-bb24083a41cd
[INFO  - 2017-03-04T10:18:15.108Z] ShutdownReqHand - _handle - About to shutdown
[INFO  - 2017-03-04T10:35:14.222Z] GhostDriver - Main - running on port 33644
[INFO  - 2017-03-04T10:35:15.538Z] Session [412f6840-00c6-11e7-962e-091aa1c36bed] - page.settings - {"XSSAuditingEnabled":false,"javascriptCanCloseWindows":true,"javascriptCanOpenWindows":true,"javascriptEnabled":true,"loadImages":true,"localToRemoteUrlAccessEnabled":false,"userAgent":"Mozilla/5.0 (Windows NT 6.2; WOW64) AppleWebKit/538.1 (KHTML, like Gecko) PhantomJS/2.1.1 Safari/538.1","webSecurityEnabled":true}
[INFO  - 2017-03-04T10:35:15.539Z] Session [412f6840-00c6-11e7-962e-091aa1c36bed] - page.customHeaders:  - {}
[INFO  - 2017-03-04T10:35:15.539Z] Session [412f6840-00c6-11e7-962e-091aa1c36bed] - Session.negotiatedCapabilities - {"browserName":"phantomjs","version":"2.1.1","driverName":"ghostdriver","driverVersion":"1.2.0","platform":"windows-10-32bit","javascriptEnabled":true,"takesScreenshot":true,"handlesAlerts":false,"databaseEnabled":false,"locationContextEnabled":false,"applicationCacheEnabled":false,"browserConnectionEnabled":false,"cssSelectorsEnabled":true,"webStorageEnabled":false,"rotatable":false,"acceptSslCerts":false,"nativeEvents":true,"proxy":{"proxyType":"direct"}}
[INFO  - 2017-03-04T10:35:15.540Z] SessionManagerReqHand - _postNewSessionCommand - New Session Created: 412f6840-00c6-11e7-962e-091aa1c36bed
[INFO  - 2017-03-04T10:40:14.215Z] SessionManagerReqHand - _cleanupWindowlessSessions - Asynchronous Sessions clean-up phase starting NOW
[ERROR - 2017-03-04T10:41:38.482Z] WebElementLocator - _handleLocateCommand - Element(s) NOT Found: GAVE UP. Search Stop Time: 1488624098469
[ERROR - 2017-03-04T10:42:07.219Z] WebElementLocator - _handleLocateCommand - Element(s) NOT Found: GAVE UP. Search Stop Time: 1488624127209
[ERROR - 2017-03-04T10:42:18.531Z] WebElementLocator - _handleLocateCommand - Element(s) NOT Found: GAVE UP. Search Stop Time: 1488624138512
[ERROR - 2017-03-04T10:43:00.418Z] WebElementLocator - _handleLocateCommand - Element(s) NOT Found: GAVE UP. Search Stop Time: 1488624180385
[ERROR - 2017-03-04T10:44:42.483Z] WebElementLocator - _handleLocateCommand - Element(s) NOT Found: GAVE UP. Search Stop Time: 1488624282466
[INFO  - 2017-03-04T10:45:14.217Z] SessionManagerReqHand - _cleanupWindowlessSessions - Asynchronous Sessions clean-up phase starting NOW
[INFO  - 2017-03-04T10:50:14.216Z] SessionManagerReqHand - _cleanupWindowlessSessions - Asynchronous Sessions clean-up phase starting NOW
[INFO  - 2017-03-04T10:55:14.218Z] SessionManagerReqHand - _cleanupWindowlessSessions - Asynchronous Sessions clean-up phase starting NOW
[INFO  - 2017-03-04T11:00:14.221Z] SessionManagerReqHand - _cleanupWindowlessSessions - Asynchronous Sessions clean-up phase starting NOW
38.1 (KHTML, like Gecko) PhantomJS/2.1.1 Safari/538.1","webSecurityEnabled":true}
[INFO  - 2017-03-04T10:46:04.201Z] Session [c3d1adc0-00c7-11e7-891f-59f030446351] - page.customHeaders:  - {}
[INFO  - 2017-03-04T10:46:04.202Z] Session [c3d1adc0-00c7-11e7-891f-59f030446351] - Session.negotiatedCapabilities - {"browserName":"phantomjs","version":"2.1.1","driverName":"ghostdriver","driverVersion":"1.2.0","platform":"windows-10-32bit","javascriptEnabled":true,"takesScreenshot":true,"handlesAlerts":false,"databaseEnabled":false,"locationContextEnabled":false,"applicationCacheEnabled":false,"browserConnectionEnabled":false,"cssSelectorsEnabled":true,"webStorageEnabled":false,"rotatable":false,"acceptSslCerts":false,"nativeEvents":true,"proxy":{"proxyType":"direct"}}
[INFO  - 2017-03-04T10:46:04.202Z] SessionManagerReqHand - _postNewSessionCommand - New Session Created: c3d1adc0-00c7-11e7-891f-59f030446351
[ERROR - 2017-03-04T10:46:26.064Z] WebElementLocator - _handleLocateCommand - Element(s) NOT Found: GAVE UP. Search Stop Time: 1488624386055
[ERROR - 2017-03-04T10:46:39.630Z] WebElementLocator - _handleLocateCommand - Element(s) NOT Found: GAVE UP. Search Stop Time: 1488624399574
[INFO  - 2017-03-04T10:48:13.462Z] ShutdownReqHand - _handle - About to shutdown
[INFO  - 2017-03-04T10:49:48.780Z] GhostDriver - Main - running on port 40119
[INFO  - 2017-03-04T10:49:49.300Z] Session [49fce860-00c8-11e7-914f-ff2ab3fe8b64] - page.settings - {"XSSAuditingEnabled":false,"javascriptCanCloseWindows":true,"javascriptCanOpenWindows":true,"javascriptEnabled":true,"loadImages":true,"localToRemoteUrlAccessEnabled":false,"userAgent":"Mozilla/5.0 (Windows NT 6.2; WOW64) AppleWebKit/538.1 (KHTML, like Gecko) PhantomJS/2.1.1 Safari/538.1","webSecurityEnabled":true}
[INFO  - 2017-03-04T10:49:49.300Z] Session [49fce860-00c8-11e7-914f-ff2ab3fe8b64] - page.customHeaders:  - {}
[INFO  - 2017-03-04T10:49:49.300Z] Session [49fce860-00c8-11e7-914f-ff2ab3fe8b64] - Session.negotiatedCapabilities - {"browserName":"phantomjs","version":"2.1.1","driverName":"ghostdriver","driverVersion":"1.2.0","platform":"windows-10-32bit","javascriptEnabled":true,"takesScreenshot":true,"handlesAlerts":false,"databaseEnabled":false,"locationContextEnabled":false,"applicationCacheEnabled":false,"browserConnectionEnabled":false,"cssSelectorsEnabled":true,"webStorageEnabled":false,"rotatable":false,"acceptSslCerts":false,"nativeEvents":true,"proxy":{"proxyType":"direct"}}
[INFO  - 2017-03-04T10:49:49.301Z] SessionManagerReqHand - _postNewSessionCommand - New Session Created: 49fce860-00c8-11e7-914f-ff2ab3fe8b64
[INFO  - 2017-03-04T10:50:10.761Z] ShutdownReqHand - _handle - About to shutdown
[INFO  - 2017-03-04T10:50:38.353Z] GhostDriver - Main - running on port 17362
[INFO  - 2017-03-04T10:50:38.891Z] Session [678c8110-00c8-11e7-bbb5-25597f2bef41] - page.settings - {"XSSAuditingEnabled":false,"javascriptCanCloseWindows":true,"javascriptCanOpenWindows":true,"javascriptEnabled":true,"loadImages":true,"localToRemoteUrlAccessEnabled":false,"userAgent":"Mozilla/5.0 (Windows NT 6.2; WOW64) AppleWebKit/538.1 (KHTML, like Gecko) PhantomJS/2.1.1 Safari/538.1","webSecurityEnabled":true}
[INFO  - 2017-03-04T10:50:38.891Z] Session [678c8110-00c8-11e7-bbb5-25597f2bef41] - page.customHeaders:  - {}
[INFO  - 2017-03-04T10:50:38.892Z] Session [678c8110-00c8-11e7-bbb5-25597f2bef41] - Session.negotiatedCapabilities - {"browserName":"phantomjs","version":"2.1.1","driverName":"ghostdriver","driverVersion":"1.2.0","platform":"windows-10-32bit","javascriptEnabled":true,"takesScreenshot":true,"handlesAlerts":false,"databaseEnabled":false,"locationContextEnabled":false,"applicationCacheEnabled":false,"browserConnectionEnabled":false,"cssSelectorsEnabled":true,"webStorageEnabled":false,"rotatable":false,"acceptSslCerts":false,"nativeEvents":true,"proxy":{"proxyType":"direct"}}
[INFO  - 2017-03-04T10:50:38.893Z] SessionManagerReqHand - _postNewSessionCommand - New Session Created: 678c8110-00c8-11e7-bbb5-25597f2bef41
[ERROR - 2017-03-04T10:51:01.308Z] WebElementLocator - _handleLocateCommand - Element(s) NOT Found: GAVE UP. Search Stop Time: 1488624661304
[ERROR - 2017-03-04T10:51:20.161Z] WebElementLocator - _handleLocateCommand - Element(s) NOT Found: GAVE UP. Search Stop Time: 1488624680120
[ERROR - 2017-03-04T10:51:39.540Z] WebElementLocator - _handleLocateCommand - Element(s) NOT Found: GAVE UP. Search Stop Time: 1488624699498
[INFO  - 2017-03-04T10:55:38.348Z] SessionManagerReqHand - _cleanupWindowlessSessions - Asynchronous Sessions clean-up phase starting NOW
[INFO  - 2017-03-04T11:00:38.352Z] SessionManagerReqHand - _cleanupWindowlessSessions - Asynchronous Sessions clean-up phase starting NOW
scriptEnabled":true,"loadImages":true,"localToRemoteUrlAccessEnabled":false,"userAgent":"Mozilla/5.0 (Windows NT 6.2; WOW64) AppleWebKit/538.1 (KHTML, like Gecko) PhantomJS/2.1.1 Safari/538.1","webSecurityEnabled":true}
[INFO  - 2017-03-04T10:52:06.212Z] Session [9b982c70-00c8-11e7-ba15-df6b15b950a0] - page.customHeaders:  - {}
[INFO  - 2017-03-04T10:52:06.212Z] Session [9b982c70-00c8-11e7-ba15-df6b15b950a0] - Session.negotiatedCapabilities - {"browserName":"phantomjs","version":"2.1.1","driverName":"ghostdriver","driverVersion":"1.2.0","platform":"windows-10-32bit","javascriptEnabled":true,"takesScreenshot":true,"handlesAlerts":false,"databaseEnabled":false,"locationContextEnabled":false,"applicationCacheEnabled":false,"browserConnectionEnabled":false,"cssSelectorsEnabled":true,"webStorageEnabled":false,"rotatable":false,"acceptSslCerts":false,"nativeEvents":true,"proxy":{"proxyType":"direct"}}
[INFO  - 2017-03-04T10:52:06.213Z] SessionManagerReqHand - _postNewSessionCommand - New Session Created: 9b982c70-00c8-11e7-ba15-df6b15b950a0
[ERROR - 2017-03-04T10:52:29.222Z] WebElementLocator - _handleLocateCommand - Element(s) NOT Found: GAVE UP. Search Stop Time: 1488624749211
[ERROR - 2017-03-04T10:53:11.904Z] WebElementLocator - _handleLocateCommand - Element(s) NOT Found: GAVE UP. Search Stop Time: 1488624791659
[INFO  - 2017-03-04T10:57:05.682Z] SessionManagerReqHand - _cleanupWindowlessSessions - Asynchronous Sessions clean-up phase starting NOW
e7-a75b-4bb5c7b1b575] - page.settings - {"XSSAuditingEnabled":false,"javascriptCanCloseWindows":true,"javascriptCanOpenWindows":true,"javascriptEnabled":true,"loadImages":true,"localToRemoteUrlAccessEnabled":false,"userAgent":"Mozilla/5.0 (Windows NT 6.2; WOW64) AppleWebKit/538.1 (KHTML, like Gecko) PhantomJS/2.1.1 Safari/538.1","webSecurityEnabled":true}
[INFO  - 2017-03-04T10:55:22.430Z] Session [108be6c0-00c9-11e7-a75b-4bb5c7b1b575] - page.customHeaders:  - {}
[INFO  - 2017-03-04T10:55:22.430Z] Session [108be6c0-00c9-11e7-a75b-4bb5c7b1b575] - Session.negotiatedCapabilities - {"browserName":"phantomjs","version":"2.1.1","driverName":"ghostdriver","driverVersion":"1.2.0","platform":"windows-10-32bit","javascriptEnabled":true,"takesScreenshot":true,"handlesAlerts":false,"databaseEnabled":false,"locationContextEnabled":false,"applicationCacheEnabled":false,"browserConnectionEnabled":false,"cssSelectorsEnabled":true,"webStorageEnabled":false,"rotatable":false,"acceptSslCerts":false,"nativeEvents":true,"proxy":{"proxyType":"direct"}}
[INFO  - 2017-03-04T10:55:22.430Z] SessionManagerReqHand - _postNewSessionCommand - New Session Created: 108be6c0-00c9-11e7-a75b-4bb5c7b1b575
[ERROR - 2017-03-04T10:55:45.578Z] WebElementLocator - _handleLocateCommand - Element(s) NOT Found: GAVE UP. Search Stop Time: 1488624945532
[INFO  - 2017-03-04T10:55:51.227Z] ShutdownReqHand - _handle - About to shutdown
[INFO  - 2017-03-04T10:56:54.324Z] GhostDriver - Main - running on port 44568
[INFO  - 2017-03-04T10:56:54.757Z] Session [4794cc90-00c9-11e7-ae70-85e628351a9a] - page.settings - {"XSSAuditingEnabled":false,"javascriptCanCloseWindows":true,"javascriptCanOpenWindows":true,"javascriptEnabled":true,"loadImages":true,"localToRemoteUrlAccessEnabled":false,"userAgent":"Mozilla/5.0 (Windows NT 6.2; WOW64) AppleWebKit/538.1 (KHTML, like Gecko) PhantomJS/2.1.1 Safari/538.1","webSecurityEnabled":true}
[INFO  - 2017-03-04T10:56:54.757Z] Session [4794cc90-00c9-11e7-ae70-85e628351a9a] - page.customHeaders:  - {}
[INFO  - 2017-03-04T10:56:54.757Z] Session [4794cc90-00c9-11e7-ae70-85e628351a9a] - Session.negotiatedCapabilities - {"browserName":"phantomjs","version":"2.1.1","driverName":"ghostdriver","driverVersion":"1.2.0","platform":"windows-10-32bit","javascriptEnabled":true,"takesScreenshot":true,"handlesAlerts":false,"databaseEnabled":false,"locationContextEnabled":false,"applicationCacheEnabled":false,"browserConnectionEnabled":false,"cssSelectorsEnabled":true,"webStorageEnabled":false,"rotatable":false,"acceptSslCerts":false,"nativeEvents":true,"proxy":{"proxyType":"direct"}}
[INFO  - 2017-03-04T10:56:54.758Z] SessionManagerReqHand - _postNewSessionCommand - New Session Created: 4794cc90-00c9-11e7-ae70-85e628351a9a
[ERROR - 2017-03-04T10:57:19.540Z] WebElementLocator - _handleLocateCommand - Element(s) NOT Found: GAVE UP. Search Stop Time: 1488625039462
[ERROR - 2017-03-04T10:57:52.067Z] WebElementLocator - _handleLocateCommand - Element(s) NOT Found: GAVE UP. Search Stop Time: 1488625072020
[INFO  - 2017-03-04T10:57:59.674Z] ShutdownReqHand - _handle - About to shutdown
[INFO  - 2017-03-04T10:58:57.103Z] GhostDriver - Main - running on port 24922
[INFO  - 2017-03-04T10:58:57.588Z] Session [90cb5280-00c9-11e7-8034-f90f0b4801fa] - page.settings - {"XSSAuditingEnabled":false,"javascriptCanCloseWindows":true,"javascriptCanOpenWindows":true,"javascriptEnabled":true,"loadImages":true,"localToRemoteUrlAccessEnabled":false,"userAgent":"Mozilla/5.0 (Windows NT 6.2; WOW64) AppleWebKit/538.1 (KHTML, like Gecko) PhantomJS/2.1.1 Safari/538.1","webSecurityEnabled":true}
[INFO  - 2017-03-04T10:58:57.588Z] Session [90cb5280-00c9-11e7-8034-f90f0b4801fa] - page.customHeaders:  - {}
[INFO  - 2017-03-04T10:58:57.588Z] Session [90cb5280-00c9-11e7-8034-f90f0b4801fa] - Session.negotiatedCapabilities - {"browserName":"phantomjs","version":"2.1.1","driverName":"ghostdriver","driverVersion":"1.2.0","platform":"windows-10-32bit","javascriptEnabled":true,"takesScreenshot":true,"handlesAlerts":false,"databaseEnabled":false,"locationContextEnabled":false,"applicationCacheEnabled":false,"browserConnectionEnabled":false,"cssSelectorsEnabled":true,"webStorageEnabled":false,"rotatable":false,"acceptSslCerts":false,"nativeEvents":true,"proxy":{"proxyType":"direct"}}
[INFO  - 2017-03-04T10:58:57.589Z] SessionManagerReqHand - _postNewSessionCommand - New Session Created: 90cb5280-00c9-11e7-8034-f90f0b4801fa
[ERROR - 2017-03-04T10:59:20.244Z] WebElementLocator - _handleLocateCommand - Element(s) NOT Found: GAVE UP. Search Stop Time: 1488625160240
[INFO  - 2017-03-04T10:59:31.844Z] ShutdownReqHand - _handle - About to shutdown
